
StereoFusion::Options
---------------------
mask_path: 
max_image_size: -1
min_num_pixels: 5
max_num_pixels: 10000
max_traversal_depth: 100
max_reproj_error: 2
max_depth_error: 0.01
max_normal_error: 10
check_num_images: 50
use_cache: 0
cache_size: 32
bbox_min: -3.40282e+38 -3.40282e+38 -3.40282e+38
bbox_max: 3.40282e+38 3.40282e+38 3.40282e+38

Reading workspace...
Loading workspace data with 8 threads...
WARNING: Ignoring image foto_0004.jpg, because input does not exist.
WARNING: Ignoring image foto_0005.jpg, because input does not exist.
WARNING: Ignoring image foto_0007.jpg, because input does not exist.
WARNING: Ignoring image foto_0008.jpg, because input does not exist.
WARNING: Ignoring image foto_0009.jpg, because input does not exist.
WARNING: Ignoring image foto_0010.jpg, because input does not exist.
WARNING: Ignoring image foto_0011.jpg, because input does not exist.
WARNING: Ignoring image foto_0012.jpg, because input does not exist.
WARNING: Ignoring image foto_0013.jpg, because input does not exist.
WARNING: Ignoring image foto_0014.jpg, because input does not exist.
WARNING: Ignoring image foto_0015.jpg, because input does not exist.
WARNING: Ignoring image foto_0016.jpg, because input does not exist.
WARNING: Ignoring image foto_0017.jpg, because input does not exist.
WARNING: Ignoring image foto_0018.jpg, because input does not exist.
WARNING: Ignoring image foto_0019.jpg, because input does not exist.
WARNING: Ignoring image foto_0020.jpg, because input does not exist.
WARNING: Ignoring image foto_0021.jpg, because input does not exist.
WARNING: Ignoring image foto_0022.jpg, because input does not exist.
WARNING: Ignoring image foto_0023.jpg, because input does not exist.
WARNING: Ignoring image foto_0024.jpg, because input does not exist.
WARNING: Ignoring image foto_0025.jpg, because input does not exist.
WARNING: Ignoring image foto_0026.jpg, because input does not exist.
WARNING: Ignoring image foto_0027.jpg, because input does not exist.
WARNING: Ignoring image foto_0028.jpg, because input does not exist.
WARNING: Ignoring image foto_0029.jpg, because input does not exist.
WARNING: Ignoring image foto_0030.jpg, because input does not exist.
WARNING: Ignoring image foto_0031.jpg, because input does not exist.
WARNING: Ignoring image foto_0032.jpg, because input does not exist.
WARNING: Ignoring image foto_0033.jpg, because input does not exist.
WARNING: Ignoring image foto_0034.jpg, because input does not exist.
WARNING: Ignoring image foto_0035.jpg, because input does not exist.
WARNING: Ignoring image foto_0036.jpg, because input does not exist.
WARNING: Ignoring image foto_0037.jpg, because input does not exist.
WARNING: Ignoring image foto_0038.jpg, because input does not exist.
WARNING: Ignoring image foto_0039.jpg, because input does not exist.
WARNING: Ignoring image foto_0040.jpg, because input does not exist.
WARNING: Ignoring image foto_0041.jpg, because input does not exist.
WARNING: Ignoring image foto_0042.jpg, because input does not exist.
WARNING: Ignoring image foto_0043.jpg, because input does not exist.
WARNING: Ignoring image foto_0044.jpg, because input does not exist.
WARNING: Ignoring image foto_0045.jpg, because input does not exist.
WARNING: Ignoring image foto_0046.jpg, because input does not exist.
WARNING: Ignoring image foto_0047.jpg, because input does not exist.
WARNING: Ignoring image foto_0048.jpg, because input does not exist.
WARNING: Ignoring image foto_0049.jpg, because input does not exist.
WARNING: Ignoring image foto_0050.jpg, because input does not exist.
WARNING: Ignoring image foto_0051.jpg, because input does not exist.
WARNING: Ignoring image foto_0052.jpg, because input does not exist.
WARNING: Ignoring image foto_0053.jpg, because input does not exist.
WARNING: Ignoring image foto_0054.jpg, because input does not exist.
WARNING: Ignoring image foto_0055.jpg, because input does not exist.
WARNING: Ignoring image foto_0056.jpg, because input does not exist.
WARNING: Ignoring image foto_0057.jpg, because input does not exist.
WARNING: Ignoring image foto_0058.jpg, because input does not exist.
WARNING: Ignoring image foto_0059.jpg, because input does not exist.
WARNING: Ignoring image foto_0060.jpg, because input does not exist.
WARNING: Ignoring image foto_0061.jpg, because input does not exist.
WARNING: Ignoring image foto_0062.jpg, because input does not exist.
WARNING: Ignoring image foto_0063.jpg, because input does not exist.
WARNING: Ignoring image foto_0064.jpg, because input does not exist.
WARNING: Ignoring image foto_0065.jpg, because input does not exist.
WARNING: Ignoring image foto_0066.jpg, because input does not exist.
WARNING: Ignoring image foto_0067.jpg, because input does not exist.
WARNING: Ignoring image foto_0068.jpg, because input does not exist.
WARNING: Ignoring image foto_0069.jpg, because input does not exist.
WARNING: Ignoring image foto_0070.jpg, because input does not exist.
WARNING: Ignoring image foto_0071.jpg, because input does not exist.
WARNING: Ignoring image foto_0072.jpg, because input does not exist.
WARNING: Ignoring image foto_0077.jpg, because input does not exist.
WARNING: Ignoring image foto_0080.jpg, because input does not exist.
WARNING: Ignoring image foto_0081.jpg, because input does not exist.
WARNING: Ignoring image foto_0082.jpg, because input does not exist.
WARNING: Ignoring image foto_0083.jpg, because input does not exist.
WARNING: Ignoring image foto_0084.jpg, because input does not exist.
WARNING: Ignoring image foto_0085.jpg, because input does not exist.
WARNING: Ignoring image foto_0086.jpg, because input does not exist.
WARNING: Ignoring image foto_0087.jpg, because input does not exist.
WARNING: Ignoring image foto_0088.jpg, because input does not exist.
WARNING: Ignoring image foto_0089.jpg, because input does not exist.
WARNING: Ignoring image foto_0090.jpg, because input does not exist.
WARNING: Ignoring image foto_0091.jpg, because input does not exist.
WARNING: Ignoring image foto_0092.jpg, because input does not exist.
WARNING: Ignoring image foto_0093.jpg, because input does not exist.
WARNING: Ignoring image foto_0094.jpg, because input does not exist.
WARNING: Ignoring image foto_0095.jpg, because input does not exist.
WARNING: Ignoring image foto_0096.jpg, because input does not exist.
WARNING: Ignoring image foto_0097.jpg, because input does not exist.
WARNING: Ignoring image foto_0098.jpg, because input does not exist.
WARNING: Ignoring image foto_0099.jpg, because input does not exist.
WARNING: Ignoring image foto_0100.jpg, because input does not exist.
WARNING: Ignoring image foto_0101.jpg, because input does not exist.
WARNING: Ignoring image foto_0102.jpg, because input does not exist.
WARNING: Ignoring image foto_0103.jpg, because input does not exist.
WARNING: Ignoring image foto_0104.jpg, because input does not exist.
WARNING: Ignoring image foto_0105.jpg, because input does not exist.
WARNING: Ignoring image foto_0106.jpg, because input does not exist.
WARNING: Ignoring image foto_0107.jpg, because input does not exist.
WARNING: Ignoring image foto_0108.jpg, because input does not exist.
WARNING: Ignoring image foto_0109.jpg, because input does not exist.
WARNING: Ignoring image foto_0110.jpg, because input does not exist.
WARNING: Ignoring image foto_0111.jpg, because input does not exist.
WARNING: Ignoring image foto_0112.jpg, because input does not exist.
WARNING: Ignoring image foto_0113.jpg, because input does not exist.
WARNING: Ignoring image foto_0114.jpg, because input does not exist.
WARNING: Ignoring image foto_0115.jpg, because input does not exist.
WARNING: Ignoring image foto_0116.jpg, because input does not exist.
WARNING: Ignoring image foto_0117.jpg, because input does not exist.
WARNING: Ignoring image foto_0118.jpg, because input does not exist.
WARNING: Ignoring image foto_0119.jpg, because input does not exist.
WARNING: Ignoring image foto_0120.jpg, because input does not exist.
WARNING: Ignoring image foto_0121.jpg, because input does not exist.
WARNING: Ignoring image foto_0122.jpg, because input does not exist.
WARNING: Ignoring image foto_0123.jpg, because input does not exist.
WARNING: Ignoring image foto_0124.jpg, because input does not exist.
WARNING: Ignoring image foto_0125.jpg, because input does not exist.
WARNING: Ignoring image foto_0126.jpg, because input does not exist.
WARNING: Ignoring image foto_0127.jpg, because input does not exist.
WARNING: Ignoring image foto_0128.jpg, because input does not exist.
WARNING: Ignoring image foto_0129.jpg, because input does not exist.
WARNING: Ignoring image foto_0130.jpg, because input does not exist.
WARNING: Ignoring image foto_0131.jpg, because input does not exist.
WARNING: Ignoring image foto_0132.jpg, because input does not exist.
WARNING: Ignoring image foto_0133.jpg, because input does not exist.
WARNING: Ignoring image foto_0134.jpg, because input does not exist.
WARNING: Ignoring image foto_0135.jpg, because input does not exist.
WARNING: Ignoring image foto_0136.jpg, because input does not exist.
WARNING: Ignoring image foto_0137.jpg, because input does not exist.
WARNING: Ignoring image foto_0138.jpg, because input does not exist.
WARNING: Ignoring image foto_0139.jpg, because input does not exist.
WARNING: Ignoring image foto_0140.jpg, because input does not exist.
WARNING: Ignoring image foto_0141.jpg, because input does not exist.
WARNING: Ignoring image foto_0142.jpg, because input does not exist.
WARNING: Ignoring image foto_0143.jpg, because input does not exist.
WARNING: Ignoring image foto_0144.jpg, because input does not exist.
WARNING: Ignoring image foto_0145.jpg, because input does not exist.
WARNING: Ignoring image foto_0150.jpg, because input does not exist.
WARNING: Ignoring image foto_0153.jpg, because input does not exist.
WARNING: Ignoring image foto_0154.jpg, because input does not exist.
WARNING: Ignoring image foto_0155.jpg, because input does not exist.
WARNING: Ignoring image foto_0156.jpg, because input does not exist.
WARNING: Ignoring image foto_0157.jpg, because input does not exist.
WARNING: Ignoring image foto_0158.jpg, because input does not exist.
WARNING: Ignoring image foto_0159.jpg, because input does not exist.
WARNING: Ignoring image foto_0160.jpg, because input does not exist.
WARNING: Ignoring image foto_0161.jpg, because input does not exist.
WARNING: Ignoring image foto_0162.jpg, because input does not exist.
WARNING: Ignoring image foto_0163.jpg, because input does not exist.
WARNING: Ignoring image foto_0164.jpg, because input does not exist.
WARNING: Ignoring image foto_0165.jpg, because input does not exist.
WARNING: Ignoring image foto_0166.jpg, because input does not exist.
WARNING: Ignoring image foto_0167.jpg, because input does not exist.
WARNING: Ignoring image foto_0168.jpg, because input does not exist.
WARNING: Ignoring image foto_0169.jpg, because input does not exist.
WARNING: Ignoring image foto_0170.jpg, because input does not exist.
WARNING: Ignoring image foto_0171.jpg, because input does not exist.
WARNING: Ignoring image foto_0172.jpg, because input does not exist.
WARNING: Ignoring image foto_0173.jpg, because input does not exist.
WARNING: Ignoring image foto_0174.jpg, because input does not exist.
WARNING: Ignoring image foto_0175.jpg, because input does not exist.
WARNING: Ignoring image foto_0176.jpg, because input does not exist.
WARNING: Ignoring image foto_0177.jpg, because input does not exist.
WARNING: Ignoring image foto_0178.jpg, because input does not exist.
WARNING: Ignoring image foto_0179.jpg, because input does not exist.
WARNING: Ignoring image foto_0180.jpg, because input does not exist.
WARNING: Ignoring image foto_0181.jpg, because input does not exist.
WARNING: Ignoring image foto_0182.jpg, because input does not exist.
WARNING: Ignoring image foto_0183.jpg, because input does not exist.
WARNING: Ignoring image foto_0184.jpg, because input does not exist.
WARNING: Ignoring image foto_0185.jpg, because input does not exist.
WARNING: Ignoring image foto_0186.jpg, because input does not exist.
WARNING: Ignoring image foto_0187.jpg, because input does not exist.
WARNING: Ignoring image foto_0188.jpg, because input does not exist.
WARNING: Ignoring image foto_0189.jpg, because input does not exist.
WARNING: Ignoring image foto_0190.jpg, because input does not exist.
WARNING: Ignoring image foto_0191.jpg, because input does not exist.
WARNING: Ignoring image foto_0192.jpg, because input does not exist.
WARNING: Ignoring image foto_0193.jpg, because input does not exist.
WARNING: Ignoring image foto_0194.jpg, because input does not exist.
WARNING: Ignoring image foto_0195.jpg, because input does not exist.
WARNING: Ignoring image foto_0196.jpg, because input does not exist.
WARNING: Ignoring image foto_0197.jpg, because input does not exist.
WARNING: Ignoring image foto_0198.jpg, because input does not exist.
WARNING: Ignoring image foto_0199.jpg, because input does not exist.
Elapsed time: 0.000 [minutes]
Reading configuration...
WARNING: Ignoring image foto_0004.jpg, because input does not exist.
WARNING: Ignoring image foto_0005.jpg, because input does not exist.
WARNING: Ignoring image foto_0007.jpg, because input does not exist.
WARNING: Ignoring image foto_0008.jpg, because input does not exist.
WARNING: Ignoring image foto_0009.jpg, because input does not exist.
WARNING: Ignoring image foto_0010.jpg, because input does not exist.
WARNING: Ignoring image foto_0011.jpg, because input does not exist.
WARNING: Ignoring image foto_0012.jpg, because input does not exist.
WARNING: Ignoring image foto_0013.jpg, because input does not exist.
WARNING: Ignoring image foto_0014.jpg, because input does not exist.
WARNING: Ignoring image foto_0015.jpg, because input does not exist.
WARNING: Ignoring image foto_0016.jpg, because input does not exist.
WARNING: Ignoring image foto_0017.jpg, because input does not exist.
WARNING: Ignoring image foto_0018.jpg, because input does not exist.
WARNING: Ignoring image foto_0019.jpg, because input does not exist.
WARNING: Ignoring image foto_0020.jpg, because input does not exist.
WARNING: Ignoring image foto_0021.jpg, because input does not exist.
WARNING: Ignoring image foto_0022.jpg, because input does not exist.
WARNING: Ignoring image foto_0023.jpg, because input does not exist.
WARNING: Ignoring image foto_0024.jpg, because input does not exist.
WARNING: Ignoring image foto_0025.jpg, because input does not exist.
WARNING: Ignoring image foto_0026.jpg, because input does not exist.
WARNING: Ignoring image foto_0027.jpg, because input does not exist.
WARNING: Ignoring image foto_0028.jpg, because input does not exist.
WARNING: Ignoring image foto_0029.jpg, because input does not exist.
WARNING: Ignoring image foto_0030.jpg, because input does not exist.
WARNING: Ignoring image foto_0031.jpg, because input does not exist.
WARNING: Ignoring image foto_0032.jpg, because input does not exist.
WARNING: Ignoring image foto_0033.jpg, because input does not exist.
WARNING: Ignoring image foto_0034.jpg, because input does not exist.
WARNING: Ignoring image foto_0035.jpg, because input does not exist.
WARNING: Ignoring image foto_0036.jpg, because input does not exist.
WARNING: Ignoring image foto_0037.jpg, because input does not exist.
WARNING: Ignoring image foto_0038.jpg, because input does not exist.
WARNING: Ignoring image foto_0039.jpg, because input does not exist.
WARNING: Ignoring image foto_0040.jpg, because input does not exist.
WARNING: Ignoring image foto_0041.jpg, because input does not exist.
WARNING: Ignoring image foto_0042.jpg, because input does not exist.
WARNING: Ignoring image foto_0043.jpg, because input does not exist.
WARNING: Ignoring image foto_0044.jpg, because input does not exist.
WARNING: Ignoring image foto_0045.jpg, because input does not exist.
WARNING: Ignoring image foto_0046.jpg, because input does not exist.
WARNING: Ignoring image foto_0047.jpg, because input does not exist.
WARNING: Ignoring image foto_0048.jpg, because input does not exist.
WARNING: Ignoring image foto_0049.jpg, because input does not exist.
WARNING: Ignoring image foto_0050.jpg, because input does not exist.
WARNING: Ignoring image foto_0051.jpg, because input does not exist.
WARNING: Ignoring image foto_0052.jpg, because input does not exist.
WARNING: Ignoring image foto_0053.jpg, because input does not exist.
WARNING: Ignoring image foto_0054.jpg, because input does not exist.
WARNING: Ignoring image foto_0055.jpg, because input does not exist.
WARNING: Ignoring image foto_0056.jpg, because input does not exist.
WARNING: Ignoring image foto_0057.jpg, because input does not exist.
WARNING: Ignoring image foto_0058.jpg, because input does not exist.
WARNING: Ignoring image foto_0059.jpg, because input does not exist.
WARNING: Ignoring image foto_0060.jpg, because input does not exist.
WARNING: Ignoring image foto_0061.jpg, because input does not exist.
WARNING: Ignoring image foto_0062.jpg, because input does not exist.
WARNING: Ignoring image foto_0063.jpg, because input does not exist.
WARNING: Ignoring image foto_0064.jpg, because input does not exist.
WARNING: Ignoring image foto_0065.jpg, because input does not exist.
WARNING: Ignoring image foto_0066.jpg, because input does not exist.
WARNING: Ignoring image foto_0067.jpg, because input does not exist.
WARNING: Ignoring image foto_0068.jpg, because input does not exist.
WARNING: Ignoring image foto_0069.jpg, because input does not exist.
WARNING: Ignoring image foto_0070.jpg, because input does not exist.
WARNING: Ignoring image foto_0071.jpg, because input does not exist.
WARNING: Ignoring image foto_0072.jpg, because input does not exist.
WARNING: Ignoring image foto_0077.jpg, because input does not exist.
WARNING: Ignoring image foto_0080.jpg, because input does not exist.
WARNING: Ignoring image foto_0081.jpg, because input does not exist.
WARNING: Ignoring image foto_0082.jpg, because input does not exist.
WARNING: Ignoring image foto_0083.jpg, because input does not exist.
WARNING: Ignoring image foto_0084.jpg, because input does not exist.
WARNING: Ignoring image foto_0085.jpg, because input does not exist.
WARNING: Ignoring image foto_0086.jpg, because input does not exist.
WARNING: Ignoring image foto_0087.jpg, because input does not exist.
WARNING: Ignoring image foto_0088.jpg, because input does not exist.
WARNING: Ignoring image foto_0089.jpg, because input does not exist.
WARNING: Ignoring image foto_0090.jpg, because input does not exist.
WARNING: Ignoring image foto_0091.jpg, because input does not exist.
WARNING: Ignoring image foto_0092.jpg, because input does not exist.
WARNING: Ignoring image foto_0093.jpg, because input does not exist.
WARNING: Ignoring image foto_0094.jpg, because input does not exist.
WARNING: Ignoring image foto_0095.jpg, because input does not exist.
WARNING: Ignoring image foto_0096.jpg, because input does not exist.
WARNING: Ignoring image foto_0097.jpg, because input does not exist.
WARNING: Ignoring image foto_0098.jpg, because input does not exist.
WARNING: Ignoring image foto_0099.jpg, because input does not exist.
WARNING: Ignoring image foto_0100.jpg, because input does not exist.
WARNING: Ignoring image foto_0101.jpg, because input does not exist.
WARNING: Ignoring image foto_0102.jpg, because input does not exist.
WARNING: Ignoring image foto_0103.jpg, because input does not exist.
WARNING: Ignoring image foto_0104.jpg, because input does not exist.
WARNING: Ignoring image foto_0105.jpg, because input does not exist.
WARNING: Ignoring image foto_0106.jpg, because input does not exist.
WARNING: Ignoring image foto_0107.jpg, because input does not exist.
WARNING: Ignoring image foto_0108.jpg, because input does not exist.
WARNING: Ignoring image foto_0109.jpg, because input does not exist.
WARNING: Ignoring image foto_0110.jpg, because input does not exist.
WARNING: Ignoring image foto_0111.jpg, because input does not exist.
WARNING: Ignoring image foto_0112.jpg, because input does not exist.
WARNING: Ignoring image foto_0113.jpg, because input does not exist.
WARNING: Ignoring image foto_0114.jpg, because input does not exist.
WARNING: Ignoring image foto_0115.jpg, because input does not exist.
WARNING: Ignoring image foto_0116.jpg, because input does not exist.
WARNING: Ignoring image foto_0117.jpg, because input does not exist.
WARNING: Ignoring image foto_0118.jpg, because input does not exist.
WARNING: Ignoring image foto_0119.jpg, because input does not exist.
WARNING: Ignoring image foto_0120.jpg, because input does not exist.
WARNING: Ignoring image foto_0121.jpg, because input does not exist.
WARNING: Ignoring image foto_0122.jpg, because input does not exist.
WARNING: Ignoring image foto_0123.jpg, because input does not exist.
WARNING: Ignoring image foto_0124.jpg, because input does not exist.
WARNING: Ignoring image foto_0125.jpg, because input does not exist.
WARNING: Ignoring image foto_0126.jpg, because input does not exist.
WARNING: Ignoring image foto_0127.jpg, because input does not exist.
WARNING: Ignoring image foto_0128.jpg, because input does not exist.
WARNING: Ignoring image foto_0129.jpg, because input does not exist.
WARNING: Ignoring image foto_0130.jpg, because input does not exist.
WARNING: Ignoring image foto_0131.jpg, because input does not exist.
WARNING: Ignoring image foto_0132.jpg, because input does not exist.
WARNING: Ignoring image foto_0133.jpg, because input does not exist.
WARNING: Ignoring image foto_0134.jpg, because input does not exist.
WARNING: Ignoring image foto_0135.jpg, because input does not exist.
WARNING: Ignoring image foto_0136.jpg, because input does not exist.
WARNING: Ignoring image foto_0137.jpg, because input does not exist.
WARNING: Ignoring image foto_0138.jpg, because input does not exist.
WARNING: Ignoring image foto_0139.jpg, because input does not exist.
WARNING: Ignoring image foto_0140.jpg, because input does not exist.
WARNING: Ignoring image foto_0141.jpg, because input does not exist.
WARNING: Ignoring image foto_0142.jpg, because input does not exist.
WARNING: Ignoring image foto_0143.jpg, because input does not exist.
WARNING: Ignoring image foto_0144.jpg, because input does not exist.
WARNING: Ignoring image foto_0145.jpg, because input does not exist.
WARNING: Ignoring image foto_0150.jpg, because input does not exist.
WARNING: Ignoring image foto_0153.jpg, because input does not exist.
WARNING: Ignoring image foto_0154.jpg, because input does not exist.
WARNING: Ignoring image foto_0155.jpg, because input does not exist.
WARNING: Ignoring image foto_0156.jpg, because input does not exist.
WARNING: Ignoring image foto_0157.jpg, because input does not exist.
WARNING: Ignoring image foto_0158.jpg, because input does not exist.
WARNING: Ignoring image foto_0159.jpg, because input does not exist.
WARNING: Ignoring image foto_0160.jpg, because input does not exist.
WARNING: Ignoring image foto_0161.jpg, because input does not exist.
WARNING: Ignoring image foto_0162.jpg, because input does not exist.
WARNING: Ignoring image foto_0163.jpg, because input does not exist.
WARNING: Ignoring image foto_0164.jpg, because input does not exist.
WARNING: Ignoring image foto_0165.jpg, because input does not exist.
WARNING: Ignoring image foto_0166.jpg, because input does not exist.
WARNING: Ignoring image foto_0167.jpg, because input does not exist.
WARNING: Ignoring image foto_0168.jpg, because input does not exist.
WARNING: Ignoring image foto_0169.jpg, because input does not exist.
WARNING: Ignoring image foto_0170.jpg, because input does not exist.
WARNING: Ignoring image foto_0171.jpg, because input does not exist.
WARNING: Ignoring image foto_0172.jpg, because input does not exist.
WARNING: Ignoring image foto_0173.jpg, because input does not exist.
WARNING: Ignoring image foto_0174.jpg, because input does not exist.
WARNING: Ignoring image foto_0175.jpg, because input does not exist.
WARNING: Ignoring image foto_0176.jpg, because input does not exist.
WARNING: Ignoring image foto_0177.jpg, because input does not exist.
WARNING: Ignoring image foto_0178.jpg, because input does not exist.
WARNING: Ignoring image foto_0179.jpg, because input does not exist.
WARNING: Ignoring image foto_0180.jpg, because input does not exist.
WARNING: Ignoring image foto_0181.jpg, because input does not exist.
WARNING: Ignoring image foto_0182.jpg, because input does not exist.
WARNING: Ignoring image foto_0183.jpg, because input does not exist.
WARNING: Ignoring image foto_0184.jpg, because input does not exist.
WARNING: Ignoring image foto_0185.jpg, because input does not exist.
WARNING: Ignoring image foto_0186.jpg, because input does not exist.
WARNING: Ignoring image foto_0187.jpg, because input does not exist.
WARNING: Ignoring image foto_0188.jpg, because input does not exist.
WARNING: Ignoring image foto_0189.jpg, because input does not exist.
WARNING: Ignoring image foto_0190.jpg, because input does not exist.
WARNING: Ignoring image foto_0191.jpg, because input does not exist.
WARNING: Ignoring image foto_0192.jpg, because input does not exist.
WARNING: Ignoring image foto_0193.jpg, because input does not exist.
WARNING: Ignoring image foto_0194.jpg, because input does not exist.
WARNING: Ignoring image foto_0195.jpg, because input does not exist.
WARNING: Ignoring image foto_0196.jpg, because input does not exist.
WARNING: Ignoring image foto_0197.jpg, because input does not exist.
WARNING: Ignoring image foto_0198.jpg, because input does not exist.
WARNING: Ignoring image foto_0199.jpg, because input does not exist.
Starting fusion with 8 threads
Fusing image [1/183] with index 0 in 0.000s (0 points)
WARNING: Could not fuse any points. This is likely caused by incorrect settings - filtering must be enabled for the last call to patch match stereo.
Number of fused points: 0
Elapsed time: 0.031 [minutes]
Writing output: /home/jpirmz/Documents/PR_Bebop/Pruebas_verano2026/Verano_2026/controllers/Controlador_principal/colmap_output/dense/fused.ply

