
==============================================================================
Sequential feature matching
==============================================================================

Matching image [1/200] in 0.252s
Matching image [2/200] in 0.225s
Matching image [3/200] in 0.233s
Matching image [4/200] in 0.122s
Matching image [5/200] in 0.418s
Matching image [6/200] in 0.139s
Matching image [7/200] in 0.045s
Matching image [8/200] in 0.170s
Matching image [9/200] in 0.116s
Matching image [10/200] in 0.156s
Matching image [11/200] in 0.402s
Matching image [12/200] in 0.416s
Matching image [13/200] in 0.431s
Matching image [14/200] in 0.427s
Matching image [15/200] in 0.439s
Matching image [16/200] in 0.490s
Matching image [17/200] in 0.460s
Matching image [18/200] in 0.509s
Matching image [19/200] in 0.532s
Matching image [20/200] in 0.553s
Matching image [21/200] in 0.522s
Matching image [22/200] in 0.518s
Matching image [23/200] in 0.491s
Matching image [24/200] in 0.502s
Matching image [25/200] in 0.527s
Matching image [26/200] in 0.549s
Matching image [27/200] in 0.540s
Matching image [28/200] in 0.540s
Matching image [29/200] in 0.532s
Matching image [30/200] in 0.538s
Matching image [31/200] in 0.524s
Matching image [32/200] in 0.487s
Matching image [33/200] in 0.463s
Matching image [34/200] in 0.484s
Matching image [35/200] in 0.611s
Matching image [36/200] in 0.588s
Matching image [37/200] in 0.600s
Matching image [38/200] in 0.628s
Matching image [39/200] in 0.650s
Matching image [40/200] in 0.679s
Matching image [41/200] in 0.545s
Matching image [42/200] in 0.580s
Matching image [43/200] in 0.506s
Matching image [44/200] in 0.522s
Matching image [45/200] in 0.483s
Matching image [46/200] in 0.554s
Matching image [47/200] in 0.493s
Matching image [48/200] in 0.501s
Matching image [49/200] in 0.529s
Matching image [50/200] in 0.544s
Matching image [51/200] in 0.458s
Matching image [52/200] in 0.488s
Matching image [53/200] in 0.398s
Matching image [54/200] in 0.445s
Matching image [55/200] in 0.405s
Matching image [56/200] in 0.180s
Matching image [57/200] in 0.193s
Matching image [58/200] in 0.277s
Matching image [59/200] in 0.441s
Matching image [60/200] in 0.359s
Matching image [61/200] in 0.353s
Matching image [62/200] in 0.402s
Matching image [63/200] in 0.297s
Matching image [64/200] in 0.309s
Matching image [65/200] in 0.336s
Matching image [66/200] in 0.282s
Matching image [67/200] in 0.246s
Matching image [68/200] in 0.356s
Matching image [69/200] in 0.290s
Matching image [70/200] in 0.280s
Matching image [71/200] in 0.310s
Matching image [72/200] in 0.282s
Matching image [73/200] in 0.266s
Matching image [74/200] in 0.175s
Matching image [75/200] in 0.224s
Matching image [76/200] in 0.165s
Matching image [77/200] in 0.160s
Matching image [78/200] in 0.369s
Matching image [79/200] in 0.160s
Matching image [80/200] in 0.116s
Matching image [81/200] in 0.385s
Matching image [82/200] in 0.305s
Matching image [83/200] in 0.344s
Matching image [84/200] in 0.429s
Matching image [85/200] in 0.452s
Matching image [86/200] in 0.376s
Matching image [87/200] in 0.416s
Matching image [88/200] in 0.420s
Matching image [89/200] in 0.407s
Matching image [90/200] in 0.441s
Matching image [91/200] in 0.418s
Matching image [92/200] in 0.434s
Matching image [93/200] in 0.470s
Matching image [94/200] in 0.407s
Matching image [95/200] in 0.430s
Matching image [96/200] in 0.542s
Matching image [97/200] in 0.427s
Matching image [98/200] in 0.492s
Matching image [99/200] in 0.454s
Matching image [100/200] in 0.479s
Matching image [101/200] in 0.495s
Matching image [102/200] in 0.514s
Matching image [103/200] in 0.629s
Matching image [104/200] in 0.528s
Matching image [105/200] in 0.562s
Matching image [106/200] in 0.544s
Matching image [107/200] in 0.542s
Matching image [108/200] in 0.521s
Matching image [109/200] in 0.495s
Matching image [110/200] in 0.568s
Matching image [111/200] in 0.570s
Matching image [112/200] in 0.339s
Matching image [113/200] in 0.494s
Matching image [114/200] in 0.527s
Matching image [115/200] in 0.515s
Matching image [116/200] in 0.520s
Matching image [117/200] in 0.481s
Matching image [118/200] in 0.464s
Matching image [119/200] in 0.469s
Matching image [120/200] in 0.445s
Matching image [121/200] in 0.411s
Matching image [122/200] in 0.426s
Matching image [123/200] in 0.446s
Matching image [124/200] in 0.448s
Matching image [125/200] in 0.458s
Matching image [126/200] in 0.406s
Matching image [127/200] in 0.408s
Matching image [128/200] in 0.357s
Matching image [129/200] in 0.407s
Matching image [130/200] in 0.414s
Matching image [131/200] in 0.347s
Matching image [132/200] in 0.349s
Matching image [133/200] in 0.294s
Matching image [134/200] in 0.301s
Matching image [135/200] in 0.328s
Matching image [136/200] in 0.302s
Matching image [137/200] in 0.200s
Matching image [138/200] in 0.263s
Matching image [139/200] in 0.172s
Matching image [140/200] in 0.240s
Matching image [141/200] in 0.235s
Matching image [142/200] in 0.177s
Matching image [143/200] in 0.208s
Matching image [144/200] in 0.275s
Matching image [145/200] in 0.212s
Matching image [146/200] in 0.247s
Matching image [147/200] in 0.196s
Matching image [148/200] in 0.139s
Matching image [149/200] in 0.179s
Matching image [150/200] in 0.053s
Matching image [151/200] in 0.331s
Matching image [152/200] in 0.051s
Matching image [153/200] in 0.139s
Matching image [154/200] in 0.369s
Matching image [155/200] in 0.239s
Matching image [156/200] in 0.324s
Matching image [157/200] in 0.328s
Matching image [158/200] in 0.370s
Matching image [159/200] in 0.276s
Matching image [160/200] in 0.334s
Matching image [161/200] in 0.364s
Matching image [162/200] in 0.322s
Matching image [163/200] in 0.370s
Matching image [164/200] in 0.383s
Matching image [165/200] in 0.336s
Matching image [166/200] in 0.405s
Matching image [167/200] in 0.473s
Matching image [168/200] in 0.368s
Matching image [169/200] in 0.310s
Matching image [170/200] in 0.268s
Matching image [171/200] in 0.264s
Matching image [172/200] in 0.298s
Matching image [173/200] in 0.284s
Matching image [174/200] in 0.308s
Matching image [175/200] in 0.321s
Matching image [176/200] in 0.321s
Matching image [177/200] in 0.396s
Matching image [178/200] in 0.451s
Matching image [179/200] in 0.257s
Matching image [180/200] in 0.321s
Matching image [181/200] in 0.343s
Matching image [182/200] in 0.385s
Matching image [183/200] in 0.328s
Matching image [184/200] in 0.351s
Matching image [185/200] in 0.312s
Matching image [186/200] in 0.269s
Matching image [187/200] in 0.265s
Matching image [188/200] in 0.241s
Matching image [189/200] in 0.313s
Matching image [190/200] in 0.426s
Matching image [191/200] in 0.605s
Matching image [192/200] in 0.276s
Matching image [193/200] in 0.255s
Matching image [194/200] in 0.233s
Matching image [195/200] in 0.156s
Matching image [196/200] in 0.139s
Matching image [197/200] in 0.075s
Matching image [198/200] in 0.061s
Matching image [199/200] in 0.030s
Matching image [200/200] in 0.000s
Elapsed time: 1.240 [minutes]

Warning: Ignoring XDG_SESSION_TYPE=wayland on Gnome. Use QT_QPA_PLATFORM=wayland to run on Wayland anyway.

